<?xml version="1.0" encoding="UTF-8"?>
<!-- Generated by org.testng.reporters.JUnitReportReporter -->
<testsuite hostname="LTIN520502" failures="0" tests="10" name="testCases.TestBeCognizant" time="140.678" errors="0" timestamp="2024-04-30T16:21:08 IST" skipped="0">
  <testcase classname="testCases.TestBeCognizant" name="testUser" time="6.814"/>
  <testcase classname="testCases.TestBeCognizant" name="testUser" time="6.296"/>
  <testcase classname="testCases.TestBeCognizant" name="testUserDetails" time="5.434"/>
  <testcase classname="testCases.TestBeCognizant" name="testUserDetails" time="5.442"/>
  <testcase classname="testCases.TestBeCognizant" name="AroundCognizant" time="2.951"/>
  <testcase classname="testCases.TestBeCognizant" name="AroundCognizant" time="2.902"/>
  <testcase classname="testCases.TestBeCognizant" name="seeAllNaviagtion" time="2.417"/>
  <testcase classname="testCases.TestBeCognizant" name="seeAllNaviagtion" time="2.940"/>
  <testcase classname="testCases.TestBeCognizant" name="seeAllNewsHeader" time="52.900"/>
  <testcase classname="testCases.TestBeCognizant" name="seeAllNewsHeader" time="52.582"/>
</testsuite> <!-- testCases.TestBeCognizant -->
